Removed Pin From Net: NetName=CLK Pin=AND-1
Removed Pin From Net: NetName=CLK Pin=AND-4
Removed Pin From Net: NetName=+VCC Pin=J1-1
Removed Pin From Net: NetName=GND Pin=J1-2
Removed Pin From Net: NetName=CLK Pin=J2-1
Removed Pin From Net: NetName=GND Pin=J2-2
Removed Pin From Net: NetName=Qrs Pin=J3-1
Removed Pin From Net: NetName=nQrs Pin=J3-2
Removed Pin From Net: NetName=nQd Pin=J3-3
Removed Pin From Net: NetName=Qd Pin=J3-4
Removed Pin From Net: NetName=GND Pin=J3-5
Removed Pin From Net: NetName=+VCC Pin=Sd-2
Removed Pin From Net: NetName=+VCC Pin=Sr-2
Removed Pin From Net: NetName=+VCC Pin=Ss-2
Removed Member From Class: ClassName=LatchSR Member=J1
Removed Member From Class: ClassName=LatchSR Member=J2
Removed Member From Class: ClassName=LatchSR Member=J3
Added Component: Designator=FLIP FLOP D OUT(MOLEX3)
Add component. Clean all parameters for all variants
Added Component: Designator=J ALIMENTACION(MOLEX3)
Add component. Clean all parameters for all variants
Added Component: Designator=J IN(MOLEX3)
Add component. Clean all parameters for all variants
Added Component: Designator=SR OUT(MOLEX3)
Add component. Clean all parameters for all variants
Added Pin To Net: NetName=Qd Pin=FLIP FLOP D OUT-1
Added Pin To Net: NetName=nQd Pin=FLIP FLOP D OUT-2
Added Pin To Net: NetName=GND Pin=FLIP FLOP D OUT-3
Added Pin To Net: NetName=+VCC Pin=J ALIMENTACION-1
Added Pin To Net: NetName=GND Pin=J ALIMENTACION-3
Added Pin To Net: NetName=CLK Pin=J IN-1
Added Pin To Net: NetName=GND Pin=J IN-3
Added Pin To Net: NetName=Qrs Pin=SR OUT-1
Added Pin To Net: NetName=nQrs Pin=SR OUT-2
Added Pin To Net: NetName=GND Pin=SR OUT-3
Change Net Name : Old Net Name=R&Clk New Net Name=R&E
Change Net Name : Old Net Name=S&Clk New Net Name=S&E
Added Pin To Net: NetName=E Pin=AND-1
Added Pin To Net: NetName=E Pin=AND-4
Added Pin To Net: NetName=E Pin=J IN-2
Added Net: Name=E
Added Pin To Net: NetName=Vin Pin=J ALIMENTACION-2
Added Pin To Net: NetName=Vin Pin=Sd-2
Added Pin To Net: NetName=Vin Pin=Sr-2
Added Pin To Net: NetName=Vin Pin=Ss-2
Added Net: Name=Vin
Added Member To Class: ClassName=LatchSR Member=Component FLIP FLOP D OUT MOLEX3
Added Member To Class: ClassName=LatchSR Member=Component J ALIMENTACION MOLEX3
Added Member To Class: ClassName=LatchSR Member=Component J IN MOLEX3
Added Member To Class: ClassName=LatchSR Member=Component SR OUT MOLEX3
Added Room: Name=LatchSR
